Build started 10/6/2015 3:04:00 PM.
     1>Project "C:\Users\jose.espinoza.lopez\Documents\C++ Proyects\OpenGLSandBox.git\Graficas4.0\Graficas4.0.vcxproj" on node 2 (Build target(s)).
     1>ClCompile:
         C:\Program Files (x86)\Microsoft Visual Studio 12.0\VC\bin\CL.exe /c /IC:\Users\jose.espinoza.lopez\Desktop\Graficas4.0\Graficas4.0\Dependencies\include /ZI /nologo /W3 /WX- /sdl /Od /Oy- /D _MBCS /Gm /EHsc /RTC1 /MDd /GS /fp:precise /Zc:wchar_t /Zc:forScope /Fo"Debug\\" /Fd"Debug\vc120.pdb" /Gd /TP /analyze- /errorReport:prompt Game.cpp main.cpp
         Game.cpp
         Generating Code...
         Skipping... (no relevant changes detected)
         main.cpp
       Link:
         C:\Program Files (x86)\Microsoft Visual Studio 12.0\VC\bin\link.exe /ERRORREPORT:PROMPT /OUT:"C:\Users\jose.espinoza.lopez\Documents\C++ Proyects\OpenGLSandBox.git\Debug\Graficas4.0.exe" /INCREMENTAL /NOLOGO /LIBPATH:C:\Users\jose.espinoza.lopez\Desktop\Graficas4.0\Graficas4.0\Dependencies\libs kernel32.lib opengl32.lib glfw3.lib glew32s.lib glew32.lib assimpd.lib kernel32.lib user32.lib gdi32.lib winspool.lib comdlg32.lib advapi32.lib shell32.lib ole32.lib oleaut32.lib uuid.lib odbc32.lib odbccp32.lib /MANIFEST /MANIFESTUAC:"level='asInvoker' uiAccess='false'" /manifest:embed /DEBUG /PDB:"C:\Users\jose.espinoza.lopez\Documents\C++ Proyects\OpenGLSandBox.git\Debug\Graficas4.0.pdb" /TLBID:1 /DYNAMICBASE /NXCOMPAT /IMPLIB:"C:\Users\jose.espinoza.lopez\Documents\C++ Proyects\OpenGLSandBox.git\Debug\Graficas4.0.lib" /MACHINE:X86 Debug\Game.obj
         Debug\main.obj
         Debug\Transform.obj
     1>glfw3.lib(context.obj) : warning LNK4099: PDB 'vc120.pdb' was not found with 'glfw3.lib(context.obj)' or at 'C:\Users\jose.espinoza.lopez\Documents\C++ Proyects\OpenGLSandBox.git\Debug\vc120.pdb'; linking object as if no debug info
     1>glfw3.lib(init.obj) : warning LNK4099: PDB 'vc120.pdb' was not found with 'glfw3.lib(init.obj)' or at 'C:\Users\jose.espinoza.lopez\Documents\C++ Proyects\OpenGLSandBox.git\Debug\vc120.pdb'; linking object as if no debug info
     1>glfw3.lib(input.obj) : warning LNK4099: PDB 'vc120.pdb' was not found with 'glfw3.lib(input.obj)' or at 'C:\Users\jose.espinoza.lopez\Documents\C++ Proyects\OpenGLSandBox.git\Debug\vc120.pdb'; linking object as if no debug info
     1>glfw3.lib(monitor.obj) : warning LNK4099: PDB 'vc120.pdb' was not found with 'glfw3.lib(monitor.obj)' or at 'C:\Users\jose.espinoza.lopez\Documents\C++ Proyects\OpenGLSandBox.git\Debug\vc120.pdb'; linking object as if no debug info
     1>glfw3.lib(window.obj) : warning LNK4099: PDB 'vc120.pdb' was not found with 'glfw3.lib(window.obj)' or at 'C:\Users\jose.espinoza.lopez\Documents\C++ Proyects\OpenGLSandBox.git\Debug\vc120.pdb'; linking object as if no debug info
     1>glfw3.lib(win32_init.obj) : warning LNK4099: PDB 'vc120.pdb' was not found with 'glfw3.lib(win32_init.obj)' or at 'C:\Users\jose.espinoza.lopez\Documents\C++ Proyects\OpenGLSandBox.git\Debug\vc120.pdb'; linking object as if no debug info
     1>glfw3.lib(win32_monitor.obj) : warning LNK4099: PDB 'vc120.pdb' was not found with 'glfw3.lib(win32_monitor.obj)' or at 'C:\Users\jose.espinoza.lopez\Documents\C++ Proyects\OpenGLSandBox.git\Debug\vc120.pdb'; linking object as if no debug info
     1>glfw3.lib(win32_time.obj) : warning LNK4099: PDB 'vc120.pdb' was not found with 'glfw3.lib(win32_time.obj)' or at 'C:\Users\jose.espinoza.lopez\Documents\C++ Proyects\OpenGLSandBox.git\Debug\vc120.pdb'; linking object as if no debug info
     1>glfw3.lib(win32_tls.obj) : warning LNK4099: PDB 'vc120.pdb' was not found with 'glfw3.lib(win32_tls.obj)' or at 'C:\Users\jose.espinoza.lopez\Documents\C++ Proyects\OpenGLSandBox.git\Debug\vc120.pdb'; linking object as if no debug info
     1>glfw3.lib(win32_window.obj) : warning LNK4099: PDB 'vc120.pdb' was not found with 'glfw3.lib(win32_window.obj)' or at 'C:\Users\jose.espinoza.lopez\Documents\C++ Proyects\OpenGLSandBox.git\Debug\vc120.pdb'; linking object as if no debug info
     1>glfw3.lib(winmm_joystick.obj) : warning LNK4099: PDB 'vc120.pdb' was not found with 'glfw3.lib(winmm_joystick.obj)' or at 'C:\Users\jose.espinoza.lopez\Documents\C++ Proyects\OpenGLSandBox.git\Debug\vc120.pdb'; linking object as if no debug info
     1>glfw3.lib(wgl_context.obj) : warning LNK4099: PDB 'vc120.pdb' was not found with 'glfw3.lib(wgl_context.obj)' or at 'C:\Users\jose.espinoza.lopez\Documents\C++ Proyects\OpenGLSandBox.git\Debug\vc120.pdb'; linking object as if no debug info
         Graficas4.0.vcxproj -> C:\Users\jose.espinoza.lopez\Documents\C++ Proyects\OpenGLSandBox.git\Debug\Graficas4.0.exe
     1>Done Building Project "C:\Users\jose.espinoza.lopez\Documents\C++ Proyects\OpenGLSandBox.git\Graficas4.0\Graficas4.0.vcxproj" (Build target(s)).

Build succeeded.

Time Elapsed 00:00:02.35
